<?xml version="1.0" encoding="UTF-8"?>
<!-- Generated by org.testng.reporters.JUnitXMLReporter -->
<testsuite ignored="0" hostname="LAPTOP-QVL8G3VS" failures="0" tests="3" name="Default test" time="16.077" errors="0" timestamp="2025-08-21T16:35:31 IST">
  <testcase classname="Selenium_Labs.Lab14" name="registerUser" time="3.545"/>
  <testcase classname="Selenium_Labs.Lab14" name="registerUser" time="2.7"/>
  <testcase classname="Selenium_Labs.Lab14" name="registerUser" time="2.838"/>
</testsuite> <!-- Default test -->
