<?xml version="1.0" encoding="UTF-8"?>
<!-- Generated by org.testng.reporters.JUnitXMLReporter -->
<testsuite ignored="0" hostname="LAPTOP-QVL8G3VS" failures="0" tests="3" name="Default test" time="26.292" errors="0" timestamp="2025-08-22T22:12:05 IST">
  <testcase classname="Selenium_Labs.Lab16" name="registerAccount" time="3.144"/>
  <testcase classname="Selenium_Labs.Lab16" name="registerAccount" time="3.086"/>
  <testcase classname="Selenium_Labs.Lab16" name="registerAccount" time="3.113"/>
</testsuite> <!-- Default test -->
