<?xml version="1.0" encoding="UTF-8"?>
<testng-results ignored="0" total="2" passed="2" failed="0" skipped="0">
  <reporter-output>
  </reporter-output>
  <suite started-at="2025-08-19T16:14:08 IST" name="mysuite1" finished-at="2025-08-19T16:14:24 IST" duration-ms="16326">
    <groups>
    </groups>
    <test started-at="2025-08-19T16:14:08 IST" name="Lab8_Lab3Test Execution" finished-at="2025-08-19T16:14:24 IST" duration-ms="16326">
      <class name="Selenium_Labs.Lab8_Lab4Test">
        <test-method is-config="true" signature="beforeSuite()[pri:0, instance:Selenium_Labs.Lab8_Lab4Test@4facf68f]" started-at="2025-08-19T16:14:08 IST" name="beforeSuite" finished-at="2025-08-19T16:14:08 IST" duration-ms="16" status="PASS">
          <reporter-output>
          </reporter-output>
        </test-method> <!-- beforeSuite -->
        <test-method is-config="true" signature="beforeTest()[pri:0, instance:Selenium_Labs.Lab8_Lab4Test@4facf68f]" started-at="2025-08-19T16:14:08 IST" name="beforeTest" finished-at="2025-08-19T16:14:08 IST" duration-ms="1" status="PASS">
          <reporter-output>
          </reporter-output>
        </test-method> <!-- beforeTest -->
        <test-method is-config="true" signature="beforeClass()[pri:0, instance:Selenium_Labs.Lab8_Lab4Test@4facf68f]" started-at="2025-08-19T16:14:08 IST" name="beforeClass" finished-at="2025-08-19T16:14:08 IST" duration-ms="1" status="PASS">
          <reporter-output>
          </reporter-output>
        </test-method> <!-- beforeClass -->
        <test-method is-config="true" signature="beforeMethod()[pri:0, instance:Selenium_Labs.Lab8_Lab4Test@4facf68f]" started-at="2025-08-19T16:14:08 IST" name="beforeMethod" finished-at="2025-08-19T16:14:15 IST" duration-ms="6825" status="PASS">
          <reporter-output>
          </reporter-output>
        </test-method> <!-- beforeMethod -->
        <test-method signature="verifyTitleAndNavigation()[pri:1, instance:Selenium_Labs.Lab8_Lab4Test@4facf68f]" started-at="2025-08-19T16:14:15 IST" name="verifyTitleAndNavigation" finished-at="2025-08-19T16:14:16 IST" duration-ms="1259" status="PASS">
          <reporter-output>
          </reporter-output>
        </test-method> <!-- verifyTitleAndNavigation -->
        <test-method is-config="true" signature="afterMethod()[pri:0, instance:Selenium_Labs.Lab8_Lab4Test@4facf68f]" started-at="2025-08-19T16:14:16 IST" name="afterMethod" finished-at="2025-08-19T16:14:16 IST" duration-ms="301" status="PASS">
          <reporter-output>
          </reporter-output>
        </test-method> <!-- afterMethod -->
        <test-method is-config="true" signature="beforeMethod()[pri:0, instance:Selenium_Labs.Lab8_Lab4Test@4facf68f]" started-at="2025-08-19T16:14:16 IST" name="beforeMethod" finished-at="2025-08-19T16:14:20 IST" duration-ms="4078" status="PASS">
          <reporter-output>
          </reporter-output>
        </test-method> <!-- beforeMethod -->
        <test-method signature="searchProduct()[pri:2, instance:Selenium_Labs.Lab8_Lab4Test@4facf68f]" started-at="2025-08-19T16:14:20 IST" name="searchProduct" finished-at="2025-08-19T16:14:24 IST" duration-ms="3476" status="PASS">
          <reporter-output>
          </reporter-output>
        </test-method> <!-- searchProduct -->
        <test-method is-config="true" signature="afterMethod()[pri:0, instance:Selenium_Labs.Lab8_Lab4Test@4facf68f]" started-at="2025-08-19T16:14:24 IST" name="afterMethod" finished-at="2025-08-19T16:14:24 IST" duration-ms="315" status="PASS">
          <reporter-output>
          </reporter-output>
        </test-method> <!-- afterMethod -->
        <test-method is-config="true" signature="afterClass()[pri:0, instance:Selenium_Labs.Lab8_Lab4Test@4facf68f]" started-at="2025-08-19T16:14:24 IST" name="afterClass" finished-at="2025-08-19T16:14:24 IST" duration-ms="1" status="PASS">
          <reporter-output>
          </reporter-output>
        </test-method> <!-- afterClass -->
        <test-method is-config="true" signature="afterTest()[pri:0, instance:Selenium_Labs.Lab8_Lab4Test@4facf68f]" started-at="2025-08-19T16:14:24 IST" name="afterTest" finished-at="2025-08-19T16:14:24 IST" duration-ms="0" status="PASS">
          <reporter-output>
          </reporter-output>
        </test-method> <!-- afterTest -->
        <test-method is-config="true" signature="afterSuite()[pri:0, instance:Selenium_Labs.Lab8_Lab4Test@4facf68f]" started-at="2025-08-19T16:14:24 IST" name="afterSuite" finished-at="2025-08-19T16:14:24 IST" duration-ms="1" status="PASS">
          <reporter-output>
          </reporter-output>
        </test-method> <!-- afterSuite -->
      </class> <!-- Selenium_Labs.Lab8_Lab4Test -->
    </test> <!-- Lab8_Lab3Test Execution -->
  </suite> <!-- mysuite1 -->
</testng-results>
